<?xml version="1.0" encoding="UTF-8"?>
<!-- Generated by org.testng.reporters.JUnitReportReporter -->
<testsuite hostname="DESKTOP-RFC9575" failures="0" tests="1" name="ujianappium.runner.RunnertestCari" time="27.504" errors="0" timestamp="2022-09-24T16:26:49 ICT" skipped="0">
  <testcase classname="ujianappium.runner.RunnertestCari" name="testValidCariMakanan" time="27.504"/>
  <system-out/>
</testsuite> <!-- ujianappium.runner.RunnertestCari -->
