<?xml version="1.0" encoding="UTF-8"?>
<!-- Generated by org.testng.reporters.JUnitReportReporter -->
<testsuite hostname="DESKTOP-RFC9575" failures="0" tests="1" name="ujianappium.runner.RunnertestPuasa" time="51.071" errors="0" timestamp="2022-09-24T21:44:51 ICT" skipped="0">
  <testcase classname="ujianappium.runner.RunnertestPuasa" name="testValidDiaryMakanan" time="51.071"/>
  <system-out/>
</testsuite> <!-- ujianappium.runner.RunnertestPuasa -->
