<?xml version="1.0" encoding="UTF-8"?>
<!-- Generated by org.testng.reporters.JUnitReportReporter -->
<testsuite hostname="DESKTOP-RFC9575" failures="0" tests="4" name="ujianappium.runner.RunnerTestKalori" time="108.492" errors="0" timestamp="2022-09-23T16:58:19 ICT" skipped="0">
  <testcase classname="ujianappium.runner.RunnerTestKalori" name="testValidHitBMIL" time="27.150"/>
  <system-out/>
  <testcase classname="ujianappium.runner.RunnerTestKalori" name="testValidHitBMIP" time="29.247"/>
  <system-out/>
  <testcase classname="ujianappium.runner.RunnerTestKalori" name="testInValidHitBMIP" time="25.370"/>
  <system-out/>
  <testcase classname="ujianappium.runner.RunnerTestKalori" name="testInValidHitBMIP2" time="26.725"/>
  <system-out/>
</testsuite> <!-- ujianappium.runner.RunnerTestKalori -->
