<?xml version="1.0" encoding="UTF-8"?>
<!-- Generated by org.testng.reporters.JUnitReportReporter -->
<testsuite hostname="DESKTOP-RFC9575" failures="0" tests="1" name="ujianappium.runner.RunnerTestDiary" time="36.335" errors="0" timestamp="2022-09-24T10:17:56 ICT" skipped="0">
  <testcase classname="ujianappium.runner.RunnerTestDiary" name="testValidDiaryMakanan" time="36.335"/>
  <system-out/>
</testsuite> <!-- ujianappium.runner.RunnerTestDiary -->
