<?xml version="1.0" encoding="UTF-8"?>
<!-- Generated by org.testng.reporters.JUnitReportReporter -->
<testsuite hostname="DESKTOP-RFC9575" failures="0" tests="3" name="ujianappium.runner.RunnerTestKalori" time="57.751" errors="0" timestamp="2022-09-24T08:08:35 ICT" skipped="0">
  <testcase classname="ujianappium.runner.RunnerTestKalori" name="testValidHitBMIL" time="18.635"/>
  <system-out/>
  <testcase classname="ujianappium.runner.RunnerTestKalori" name="testValidHitBMIP" time="19.052"/>
  <system-out/>
  <testcase classname="ujianappium.runner.RunnerTestKalori" name="testInValidHitBMIP" time="20.064"/>
  <system-out/>
</testsuite> <!-- ujianappium.runner.RunnerTestKalori -->
